\BOOKMARK [1][-]{section.1}{What is unit testing?}{}% 1
\BOOKMARK [1][-]{section.2}{Motivation}{}% 2
\BOOKMARK [2][-]{subsection.2.1}{Discover bugs early}{section.2}% 3
\BOOKMARK [2][-]{subsection.2.2}{As a method of specification}{section.2}% 4
\BOOKMARK [1][-]{section.3}{Unit testing methods}{}% 5
\BOOKMARK [2][-]{subsection.3.1}{Testing for expected result}{section.3}% 6
\BOOKMARK [2][-]{subsection.3.2}{Increasing the test size}{section.3}% 7
\BOOKMARK [2][-]{subsection.3.3}{Generating test cases}{section.3}% 8
\BOOKMARK [3][-]{subsubsection.3.3.1}{Generating expected results: f\(x\) vs f-1\(y\)}{subsection.3.3}% 9
\BOOKMARK [3][-]{subsubsection.3.3.2}{Filtering test cases}{subsection.3.3}% 10
\BOOKMARK [3][-]{subsubsection.3.3.3}{Testing for edge cases}{subsection.3.3}% 11
\BOOKMARK [1][-]{section.4}{Unit testing techniques}{}% 12
\BOOKMARK [2][-]{subsection.4.1}{Test coverage}{section.4}% 13
\BOOKMARK [2][-]{subsection.4.2}{Test-driven development \(TDD\)}{section.4}% 14
\BOOKMARK [2][-]{subsection.4.3}{Behaviour-driven development \(BDD\)}{section.4}% 15
\BOOKMARK [2][-]{subsection.4.4}{Dependency mocking}{section.4}% 16
\BOOKMARK [1][-]{section.5}{Difficulties}{}% 17
\BOOKMARK [2][-]{subsection.5.1}{Coupling}{section.5}% 18
\BOOKMARK [2][-]{subsection.5.2}{Test case selection}{section.5}% 19
\BOOKMARK [1][-]{section.6}{Continuous integration}{}% 20
